
 /----------------------------------------------------------------------------\
 |                                                                            |
 |  yosys -- Yosys Open SYnthesis Suite                                       |
 |                                                                            |
 |  Copyright (C) 2012 - 2020  Claire Xenia Wolf <claire@yosyshq.com>         |
 |                                                                            |
 |  Permission to use, copy, modify, and/or distribute this software for any  |
 |  purpose with or without fee is hereby granted, provided that the above    |
 |  copyright notice and this permission notice appear in all copies.         |
 |                                                                            |
 |  THE SOFTWARE IS PROVIDED "AS IS" AND THE AUTHOR DISCLAIMS ALL WARRANTIES  |
 |  WITH REGARD TO THIS SOFTWARE INCLUDING ALL IMPLIED WARRANTIES OF          |
 |  MERCHANTABILITY AND FITNESS. IN NO EVENT SHALL THE AUTHOR BE LIABLE FOR   |
 |  ANY SPECIAL, DIRECT, INDIRECT, OR CONSEQUENTIAL DAMAGES OR ANY DAMAGES    |
 |  WHATSOEVER RESULTING FROM LOSS OF USE, DATA OR PROFITS, WHETHER IN AN     |
 |  ACTION OF CONTRACT, NEGLIGENCE OR OTHER TORTIOUS ACTION, ARISING OUT OF   |
 |  OR IN CONNECTION WITH THE USE OR PERFORMANCE OF THIS SOFTWARE.            |
 |                                                                            |
 \----------------------------------------------------------------------------/

 Yosys 0.26+1 (git sha1 b1a011138, x86_64-w64-mingw32-g++ 9.2.1 -Os)


-- Running command `read_verilog -sv ../design/top.sv ; synth_gowin -top top -json Seven_seg.json' --

1. Executing Verilog-2005 frontend: ../design/top.sv
Parsing SystemVerilog input from `../design/top.sv' to AST representation.
Generating RTLIL representation for module `\top'.
../design/top.sv:10: Warning: Identifier `\A' is implicitly declared.
../design/top.sv:11: Warning: Identifier `\B' is implicitly declared.
../design/top.sv:12: Warning: Identifier `\C' is implicitly declared.
../design/top.sv:13: Warning: Identifier `\D' is implicitly declared.
Successfully finished Verilog frontend.

2. Executing SYNTH_GOWIN pass.

2.1. Executing Verilog-2005 frontend: c:\Users\gabri\DOWNLO~1\OSS-CA~1\bin\../share/yosys/gowin/cells_sim.v
Parsing Verilog input from `c:\Users\gabri\DOWNLO~1\OSS-CA~1\bin\../share/yosys/gowin/cells_sim.v' to AST representation.
Generating RTLIL representation for module `\LUT1'.
Generating RTLIL representation for module `\LUT2'.
Generating RTLIL representation for module `\LUT3'.
Generating RTLIL representation for module `\LUT4'.
Generating RTLIL representation for module `\__APICULA_LUT5'.
Generating RTLIL representation for module `\__APICULA_LUT6'.
Generating RTLIL representation for module `\__APICULA_LUT7'.
Generating RTLIL representation for module `\__APICULA_LUT8'.
Generating RTLIL representation for module `\MUX2'.
Generating RTLIL representation for module `\MUX2_LUT5'.
Generating RTLIL representation for module `\MUX2_LUT6'.
Generating RTLIL representation for module `\MUX2_LUT7'.
Generating RTLIL representation for module `\MUX2_LUT8'.
Generating RTLIL representation for module `\DFF'.
Generating RTLIL representation for module `\DFFE'.
Generating RTLIL representation for module `\DFFS'.
Generating RTLIL representation for module `\DFFSE'.
Generating RTLIL representation for module `\DFFR'.
Generating RTLIL representation for module `\DFFRE'.
Generating RTLIL representation for module `\DFFP'.
Generating RTLIL representation for module `\DFFPE'.
Generating RTLIL representation for module `\DFFC'.
Generating RTLIL representation for module `\DFFCE'.
Generating RTLIL representation for module `\DFFN'.
Generating RTLIL representation for module `\DFFNE'.
Generating RTLIL representation for module `\DFFNS'.
Generating RTLIL representation for module `\DFFNSE'.
Generating RTLIL representation for module `\DFFNR'.
Generating RTLIL representation for module `\DFFNRE'.
Generating RTLIL representation for module `\DFFNP'.
Generating RTLIL representation for module `\DFFNPE'.
Generating RTLIL representation for module `\DFFNC'.
Generating RTLIL representation for module `\DFFNCE'.
Generating RTLIL representation for module `\VCC'.
Generating RTLIL representation for module `\GND'.
Generating RTLIL representation for module `\IBUF'.
Generating RTLIL representation for module `\OBUF'.
Generating RTLIL representation for module `\TBUF'.
Generating RTLIL representation for module `\IOBUF'.
Generating RTLIL representation for module `\TLVDS_OBUF'.
Generating RTLIL representation for module `\ODDR'.
Generating RTLIL representation for module `\ODDRC'.
Generating RTLIL representation for module `\GSR'.
Generating RTLIL representation for module `\ALU'.
Generating RTLIL representation for module `\RAM16S1'.
Generating RTLIL representation for module `\RAM16S2'.
Generating RTLIL representation for module `\RAM16S4'.
Generating RTLIL representation for module `\RAM16SDP1'.
Generating RTLIL representation for module `\RAM16SDP2'.
Generating RTLIL representation for module `\RAM16SDP4'.
Generating RTLIL representation for module `\SP'.
Generating RTLIL representation for module `\SPX9'.
Generating RTLIL representation for module `\SDP'.
Generating RTLIL representation for module `\SDPX9'.
Generating RTLIL representation for module `\DP'.
Generating RTLIL representation for module `\DPX9'.
Generating RTLIL representation for module `\rPLL'.
Generating RTLIL representation for module `\PLLVR'.
Generating RTLIL representation for module `\OSC'.
Generating RTLIL representation for module `\OSCZ'.
Generating RTLIL representation for module `\OSCF'.
Generating RTLIL representation for module `\OSCH'.
Successfully finished Verilog frontend.

2.2. Executing HIERARCHY pass (managing design hierarchy).

2.2.1. Analyzing design hierarchy..
Top module:  \top

2.2.2. Analyzing design hierarchy..
Top module:  \top
Removed 0 unused modules.

2.3. Executing PROC pass (convert processes to netlists).

2.3.1. Executing PROC_CLEAN pass (remove empty switches from decision trees).
Found and cleaned up 1 empty switch in `\ALU.$proc$c:\Users\gabri\DOWNLO~1\OSS-CA~1\bin\../share/yosys/gowin/cells_sim.v:661$349'.
Cleaned up 1 empty switch.

2.3.2. Executing PROC_RMDEAD pass (remove dead branches from decision trees).
Marked 1 switch rules as full_case in process $proc$c:\Users\gabri\DOWNLO~1\OSS-CA~1\bin\../share/yosys/gowin/cells_sim.v:535$345 in module DFFNCE.
Marked 1 switch rules as full_case in process $proc$c:\Users\gabri\DOWNLO~1\OSS-CA~1\bin\../share/yosys/gowin/cells_sim.v:515$343 in module DFFNC.
Marked 1 switch rules as full_case in process $proc$c:\Users\gabri\DOWNLO~1\OSS-CA~1\bin\../share/yosys/gowin/cells_sim.v:496$341 in module DFFNPE.
Marked 1 switch rules as full_case in process $proc$c:\Users\gabri\DOWNLO~1\OSS-CA~1\bin\../share/yosys/gowin/cells_sim.v:476$339 in module DFFNP.
Marked 1 switch rules as full_case in process $proc$c:\Users\gabri\DOWNLO~1\OSS-CA~1\bin\../share/yosys/gowin/cells_sim.v:457$337 in module DFFNRE.
Marked 1 switch rules as full_case in process $proc$c:\Users\gabri\DOWNLO~1\OSS-CA~1\bin\../share/yosys/gowin/cells_sim.v:437$335 in module DFFNR.
Marked 1 switch rules as full_case in process $proc$c:\Users\gabri\DOWNLO~1\OSS-CA~1\bin\../share/yosys/gowin/cells_sim.v:418$333 in module DFFNSE.
Marked 1 switch rules as full_case in process $proc$c:\Users\gabri\DOWNLO~1\OSS-CA~1\bin\../share/yosys/gowin/cells_sim.v:398$331 in module DFFNS.
Marked 1 switch rules as full_case in process $proc$c:\Users\gabri\DOWNLO~1\OSS-CA~1\bin\../share/yosys/gowin/cells_sim.v:348$325 in module DFFCE.
Marked 1 switch rules as full_case in process $proc$c:\Users\gabri\DOWNLO~1\OSS-CA~1\bin\../share/yosys/gowin/cells_sim.v:328$323 in module DFFC.
Marked 1 switch rules as full_case in process $proc$c:\Users\gabri\DOWNLO~1\OSS-CA~1\bin\../share/yosys/gowin/cells_sim.v:309$321 in module DFFPE.
Marked 1 switch rules as full_case in process $proc$c:\Users\gabri\DOWNLO~1\OSS-CA~1\bin\../share/yosys/gowin/cells_sim.v:289$319 in module DFFP.
Marked 1 switch rules as full_case in process $proc$c:\Users\gabri\DOWNLO~1\OSS-CA~1\bin\../share/yosys/gowin/cells_sim.v:270$317 in module DFFRE.
Marked 1 switch rules as full_case in process $proc$c:\Users\gabri\DOWNLO~1\OSS-CA~1\bin\../share/yosys/gowin/cells_sim.v:250$315 in module DFFR.
Marked 1 switch rules as full_case in process $proc$c:\Users\gabri\DOWNLO~1\OSS-CA~1\bin\../share/yosys/gowin/cells_sim.v:231$313 in module DFFSE.
Marked 1 switch rules as full_case in process $proc$c:\Users\gabri\DOWNLO~1\OSS-CA~1\bin\../share/yosys/gowin/cells_sim.v:211$311 in module DFFS.
Removed a total of 0 dead cases.

2.3.3. Executing PROC_PRUNE pass (remove redundant assignments in processes).
Removed 8 redundant assignments.
Promoted 26 assignments to connections.

2.3.4. Executing PROC_INIT pass (extract init attributes).
Found init rule in `\DFFNCE.$proc$c:\Users\gabri\DOWNLO~1\OSS-CA~1\bin\../share/yosys/gowin/cells_sim.v:0$346'.
  Set init value: \Q = 1'0
Found init rule in `\DFFNC.$proc$c:\Users\gabri\DOWNLO~1\OSS-CA~1\bin\../share/yosys/gowin/cells_sim.v:0$344'.
  Set init value: \Q = 1'0
Found init rule in `\DFFNPE.$proc$c:\Users\gabri\DOWNLO~1\OSS-CA~1\bin\../share/yosys/gowin/cells_sim.v:0$342'.
  Set init value: \Q = 1'1
Found init rule in `\DFFNP.$proc$c:\Users\gabri\DOWNLO~1\OSS-CA~1\bin\../share/yosys/gowin/cells_sim.v:0$340'.
  Set init value: \Q = 1'1
Found init rule in `\DFFNRE.$proc$c:\Users\gabri\DOWNLO~1\OSS-CA~1\bin\../share/yosys/gowin/cells_sim.v:0$338'.
  Set init value: \Q = 1'0
Found init rule in `\DFFNR.$proc$c:\Users\gabri\DOWNLO~1\OSS-CA~1\bin\../share/yosys/gowin/cells_sim.v:0$336'.
  Set init value: \Q = 1'0
Found init rule in `\DFFNSE.$proc$c:\Users\gabri\DOWNLO~1\OSS-CA~1\bin\../share/yosys/gowin/cells_sim.v:0$334'.
  Set init value: \Q = 1'1
Found init rule in `\DFFNS.$proc$c:\Users\gabri\DOWNLO~1\OSS-CA~1\bin\../share/yosys/gowin/cells_sim.v:0$332'.
  Set init value: \Q = 1'1
Found init rule in `\DFFNE.$proc$c:\Users\gabri\DOWNLO~1\OSS-CA~1\bin\../share/yosys/gowin/cells_sim.v:0$330'.
  Set init value: \Q = 1'0
Found init rule in `\DFFN.$proc$c:\Users\gabri\DOWNLO~1\OSS-CA~1\bin\../share/yosys/gowin/cells_sim.v:0$328'.
  Set init value: \Q = 1'0
Found init rule in `\DFFCE.$proc$c:\Users\gabri\DOWNLO~1\OSS-CA~1\bin\../share/yosys/gowin/cells_sim.v:0$326'.
  Set init value: \Q = 1'0
Found init rule in `\DFFC.$proc$c:\Users\gabri\DOWNLO~1\OSS-CA~1\bin\../share/yosys/gowin/cells_sim.v:0$324'.
  Set init value: \Q = 1'0
Found init rule in `\DFFPE.$proc$c:\Users\gabri\DOWNLO~1\OSS-CA~1\bin\../share/yosys/gowin/cells_sim.v:0$322'.
  Set init value: \Q = 1'1
Found init rule in `\DFFP.$proc$c:\Users\gabri\DOWNLO~1\OSS-CA~1\bin\../share/yosys/gowin/cells_sim.v:0$320'.
  Set init value: \Q = 1'1
Found init rule in `\DFFRE.$proc$c:\Users\gabri\DOWNLO~1\OSS-CA~1\bin\../share/yosys/gowin/cells_sim.v:0$318'.
  Set init value: \Q = 1'0
Found init rule in `\DFFR.$proc$c:\Users\gabri\DOWNLO~1\OSS-CA~1\bin\../share/yosys/gowin/cells_sim.v:0$316'.
  Set init value: \Q = 1'0
Found init rule in `\DFFSE.$proc$c:\Users\gabri\DOWNLO~1\OSS-CA~1\bin\../share/yosys/gowin/cells_sim.v:0$314'.
  Set init value: \Q = 1'1
Found init rule in `\DFFS.$proc$c:\Users\gabri\DOWNLO~1\OSS-CA~1\bin\../share/yosys/gowin/cells_sim.v:0$312'.
  Set init value: \Q = 1'1
Found init rule in `\DFFE.$proc$c:\Users\gabri\DOWNLO~1\OSS-CA~1\bin\../share/yosys/gowin/cells_sim.v:0$310'.
  Set init value: \Q = 1'0
Found init rule in `\DFF.$proc$c:\Users\gabri\DOWNLO~1\OSS-CA~1\bin\../share/yosys/gowin/cells_sim.v:0$308'.
  Set init value: \Q = 1'0

2.3.5. Executing PROC_ARST pass (detect async resets in processes).
Found async reset \CLEAR in `\DFFNCE.$proc$c:\Users\gabri\DOWNLO~1\OSS-CA~1\bin\../share/yosys/gowin/cells_sim.v:535$345'.
Found async reset \CLEAR in `\DFFNC.$proc$c:\Users\gabri\DOWNLO~1\OSS-CA~1\bin\../share/yosys/gowin/cells_sim.v:515$343'.
Found async reset \PRESET in `\DFFNPE.$proc$c:\Users\gabri\DOWNLO~1\OSS-CA~1\bin\../share/yosys/gowin/cells_sim.v:496$341'.
Found async reset \PRESET in `\DFFNP.$proc$c:\Users\gabri\DOWNLO~1\OSS-CA~1\bin\../share/yosys/gowin/cells_sim.v:476$339'.
Found async reset \CLEAR in `\DFFCE.$proc$c:\Users\gabri\DOWNLO~1\OSS-CA~1\bin\../share/yosys/gowin/cells_sim.v:348$325'.
Found async reset \CLEAR in `\DFFC.$proc$c:\Users\gabri\DOWNLO~1\OSS-CA~1\bin\../share/yosys/gowin/cells_sim.v:328$323'.
Found async reset \PRESET in `\DFFPE.$proc$c:\Users\gabri\DOWNLO~1\OSS-CA~1\bin\../share/yosys/gowin/cells_sim.v:309$321'.
Found async reset \PRESET in `\DFFP.$proc$c:\Users\gabri\DOWNLO~1\OSS-CA~1\bin\../share/yosys/gowin/cells_sim.v:289$319'.

2.3.6. Executing PROC_ROM pass (convert switches to ROMs).
Converted 0 switches.
<suppressed ~18 debug messages>

2.3.7. Executing PROC_MUX pass (convert decision trees to multiplexers).
Creating decoders for process `\ALU.$proc$c:\Users\gabri\DOWNLO~1\OSS-CA~1\bin\../share/yosys/gowin/cells_sim.v:661$349'.
Creating decoders for process `\DFFNCE.$proc$c:\Users\gabri\DOWNLO~1\OSS-CA~1\bin\../share/yosys/gowin/cells_sim.v:0$346'.
Creating decoders for process `\DFFNCE.$proc$c:\Users\gabri\DOWNLO~1\OSS-CA~1\bin\../share/yosys/gowin/cells_sim.v:535$345'.
     1/1: $0\Q[0:0]
Creating decoders for process `\DFFNC.$proc$c:\Users\gabri\DOWNLO~1\OSS-CA~1\bin\../share/yosys/gowin/cells_sim.v:0$344'.
Creating decoders for process `\DFFNC.$proc$c:\Users\gabri\DOWNLO~1\OSS-CA~1\bin\../share/yosys/gowin/cells_sim.v:515$343'.
     1/1: $0\Q[0:0]
Creating decoders for process `\DFFNPE.$proc$c:\Users\gabri\DOWNLO~1\OSS-CA~1\bin\../share/yosys/gowin/cells_sim.v:0$342'.
Creating decoders for process `\DFFNPE.$proc$c:\Users\gabri\DOWNLO~1\OSS-CA~1\bin\../share/yosys/gowin/cells_sim.v:496$341'.
     1/1: $0\Q[0:0]
Creating decoders for process `\DFFNP.$proc$c:\Users\gabri\DOWNLO~1\OSS-CA~1\bin\../share/yosys/gowin/cells_sim.v:0$340'.
Creating decoders for process `\DFFNP.$proc$c:\Users\gabri\DOWNLO~1\OSS-CA~1\bin\../share/yosys/gowin/cells_sim.v:476$339'.
     1/1: $0\Q[0:0]
Creating decoders for process `\DFFNRE.$proc$c:\Users\gabri\DOWNLO~1\OSS-CA~1\bin\../share/yosys/gowin/cells_sim.v:0$338'.
Creating decoders for process `\DFFNRE.$proc$c:\Users\gabri\DOWNLO~1\OSS-CA~1\bin\../share/yosys/gowin/cells_sim.v:457$337'.
     1/1: $0\Q[0:0]
Creating decoders for process `\DFFNR.$proc$c:\Users\gabri\DOWNLO~1\OSS-CA~1\bin\../share/yosys/gowin/cells_sim.v:0$336'.
Creating decoders for process `\DFFNR.$proc$c:\Users\gabri\DOWNLO~1\OSS-CA~1\bin\../share/yosys/gowin/cells_sim.v:437$335'.
     1/1: $0\Q[0:0]
Creating decoders for process `\DFFNSE.$proc$c:\Users\gabri\DOWNLO~1\OSS-CA~1\bin\../share/yosys/gowin/cells_sim.v:0$334'.
Creating decoders for process `\DFFNSE.$proc$c:\Users\gabri\DOWNLO~1\OSS-CA~1\bin\../share/yosys/gowin/cells_sim.v:418$333'.
     1/1: $0\Q[0:0]
Creating decoders for process `\DFFNS.$proc$c:\Users\gabri\DOWNLO~1\OSS-CA~1\bin\../share/yosys/gowin/cells_sim.v:0$332'.
Creating decoders for process `\DFFNS.$proc$c:\Users\gabri\DOWNLO~1\OSS-CA~1\bin\../share/yosys/gowin/cells_sim.v:398$331'.
     1/1: $0\Q[0:0]
Creating decoders for process `\DFFNE.$proc$c:\Users\gabri\DOWNLO~1\OSS-CA~1\bin\../share/yosys/gowin/cells_sim.v:0$330'.
Creating decoders for process `\DFFNE.$proc$c:\Users\gabri\DOWNLO~1\OSS-CA~1\bin\../share/yosys/gowin/cells_sim.v:381$329'.
     1/1: $0\Q[0:0]
Creating decoders for process `\DFFN.$proc$c:\Users\gabri\DOWNLO~1\OSS-CA~1\bin\../share/yosys/gowin/cells_sim.v:0$328'.
Creating decoders for process `\DFFN.$proc$c:\Users\gabri\DOWNLO~1\OSS-CA~1\bin\../share/yosys/gowin/cells_sim.v:366$327'.
Creating decoders for process `\DFFCE.$proc$c:\Users\gabri\DOWNLO~1\OSS-CA~1\bin\../share/yosys/gowin/cells_sim.v:0$326'.
Creating decoders for process `\DFFCE.$proc$c:\Users\gabri\DOWNLO~1\OSS-CA~1\bin\../share/yosys/gowin/cells_sim.v:348$325'.
     1/1: $0\Q[0:0]
Creating decoders for process `\DFFC.$proc$c:\Users\gabri\DOWNLO~1\OSS-CA~1\bin\../share/yosys/gowin/cells_sim.v:0$324'.
Creating decoders for process `\DFFC.$proc$c:\Users\gabri\DOWNLO~1\OSS-CA~1\bin\../share/yosys/gowin/cells_sim.v:328$323'.
     1/1: $0\Q[0:0]
Creating decoders for process `\DFFPE.$proc$c:\Users\gabri\DOWNLO~1\OSS-CA~1\bin\../share/yosys/gowin/cells_sim.v:0$322'.
Creating decoders for process `\DFFPE.$proc$c:\Users\gabri\DOWNLO~1\OSS-CA~1\bin\../share/yosys/gowin/cells_sim.v:309$321'.
     1/1: $0\Q[0:0]
Creating decoders for process `\DFFP.$proc$c:\Users\gabri\DOWNLO~1\OSS-CA~1\bin\../share/yosys/gowin/cells_sim.v:0$320'.
Creating decoders for process `\DFFP.$proc$c:\Users\gabri\DOWNLO~1\OSS-CA~1\bin\../share/yosys/gowin/cells_sim.v:289$319'.
     1/1: $0\Q[0:0]
Creating decoders for process `\DFFRE.$proc$c:\Users\gabri\DOWNLO~1\OSS-CA~1\bin\../share/yosys/gowin/cells_sim.v:0$318'.
Creating decoders for process `\DFFRE.$proc$c:\Users\gabri\DOWNLO~1\OSS-CA~1\bin\../share/yosys/gowin/cells_sim.v:270$317'.
     1/1: $0\Q[0:0]
Creating decoders for process `\DFFR.$proc$c:\Users\gabri\DOWNLO~1\OSS-CA~1\bin\../share/yosys/gowin/cells_sim.v:0$316'.
Creating decoders for process `\DFFR.$proc$c:\Users\gabri\DOWNLO~1\OSS-CA~1\bin\../share/yosys/gowin/cells_sim.v:250$315'.
     1/1: $0\Q[0:0]
Creating decoders for process `\DFFSE.$proc$c:\Users\gabri\DOWNLO~1\OSS-CA~1\bin\../share/yosys/gowin/cells_sim.v:0$314'.
Creating decoders for process `\DFFSE.$proc$c:\Users\gabri\DOWNLO~1\OSS-CA~1\bin\../share/yosys/gowin/cells_sim.v:231$313'.
     1/1: $0\Q[0:0]
Creating decoders for process `\DFFS.$proc$c:\Users\gabri\DOWNLO~1\OSS-CA~1\bin\../share/yosys/gowin/cells_sim.v:0$312'.
Creating decoders for process `\DFFS.$proc$c:\Users\gabri\DOWNLO~1\OSS-CA~1\bin\../share/yosys/gowin/cells_sim.v:211$311'.
     1/1: $0\Q[0:0]
Creating decoders for process `\DFFE.$proc$c:\Users\gabri\DOWNLO~1\OSS-CA~1\bin\../share/yosys/gowin/cells_sim.v:0$310'.
Creating decoders for process `\DFFE.$proc$c:\Users\gabri\DOWNLO~1\OSS-CA~1\bin\../share/yosys/gowin/cells_sim.v:194$309'.
     1/1: $0\Q[0:0]
Creating decoders for process `\DFF.$proc$c:\Users\gabri\DOWNLO~1\OSS-CA~1\bin\../share/yosys/gowin/cells_sim.v:0$308'.
Creating decoders for process `\DFF.$proc$c:\Users\gabri\DOWNLO~1\OSS-CA~1\bin\../share/yosys/gowin/cells_sim.v:179$307'.

2.3.8. Executing PROC_DLATCH pass (convert process syncs to latches).

2.3.9. Executing PROC_DFF pass (convert process syncs to FFs).
Creating register for signal `\ALU.\C' using process `\ALU.$proc$c:\Users\gabri\DOWNLO~1\OSS-CA~1\bin\../share/yosys/gowin/cells_sim.v:661$349'.
  created direct connection (no actual register cell created).
Creating register for signal `\ALU.\S' using process `\ALU.$proc$c:\Users\gabri\DOWNLO~1\OSS-CA~1\bin\../share/yosys/gowin/cells_sim.v:661$349'.
  created direct connection (no actual register cell created).
Creating register for signal `\DFFNCE.\Q' using process `\DFFNCE.$proc$c:\Users\gabri\DOWNLO~1\OSS-CA~1\bin\../share/yosys/gowin/cells_sim.v:535$345'.
  created $adff cell `$procdff$437' with negative edge clock and positive level reset.
Creating register for signal `\DFFNC.\Q' using process `\DFFNC.$proc$c:\Users\gabri\DOWNLO~1\OSS-CA~1\bin\../share/yosys/gowin/cells_sim.v:515$343'.
  created $adff cell `$procdff$438' with negative edge clock and positive level reset.
Creating register for signal `\DFFNPE.\Q' using process `\DFFNPE.$proc$c:\Users\gabri\DOWNLO~1\OSS-CA~1\bin\../share/yosys/gowin/cells_sim.v:496$341'.
  created $adff cell `$procdff$439' with negative edge clock and positive level reset.
Creating register for signal `\DFFNP.\Q' using process `\DFFNP.$proc$c:\Users\gabri\DOWNLO~1\OSS-CA~1\bin\../share/yosys/gowin/cells_sim.v:476$339'.
  created $adff cell `$procdff$440' with negative edge clock and positive level reset.
Creating register for signal `\DFFNRE.\Q' using process `\DFFNRE.$proc$c:\Users\gabri\DOWNLO~1\OSS-CA~1\bin\../share/yosys/gowin/cells_sim.v:457$337'.
  created $dff cell `$procdff$441' with negative edge clock.
Creating register for signal `\DFFNR.\Q' using process `\DFFNR.$proc$c:\Users\gabri\DOWNLO~1\OSS-CA~1\bin\../share/yosys/gowin/cells_sim.v:437$335'.
  created $dff cell `$procdff$442' with negative edge clock.
Creating register for signal `\DFFNSE.\Q' using process `\DFFNSE.$proc$c:\Users\gabri\DOWNLO~1\OSS-CA~1\bin\../share/yosys/gowin/cells_sim.v:418$333'.
  created $dff cell `$procdff$443' with negative edge clock.
Creating register for signal `\DFFNS.\Q' using process `\DFFNS.$proc$c:\Users\gabri\DOWNLO~1\OSS-CA~1\bin\../share/yosys/gowin/cells_sim.v:398$331'.
  created $dff cell `$procdff$444' with negative edge clock.
Creating register for signal `\DFFNE.\Q' using process `\DFFNE.$proc$c:\Users\gabri\DOWNLO~1\OSS-CA~1\bin\../share/yosys/gowin/cells_sim.v:381$329'.
  created $dff cell `$procdff$445' with negative edge clock.
Creating register for signal `\DFFN.\Q' using process `\DFFN.$proc$c:\Users\gabri\DOWNLO~1\OSS-CA~1\bin\../share/yosys/gowin/cells_sim.v:366$327'.
  created $dff cell `$procdff$446' with negative edge clock.
Creating register for signal `\DFFCE.\Q' using process `\DFFCE.$proc$c:\Users\gabri\DOWNLO~1\OSS-CA~1\bin\../share/yosys/gowin/cells_sim.v:348$325'.
  created $adff cell `$procdff$447' with positive edge clock and positive level reset.
Creating register for signal `\DFFC.\Q' using process `\DFFC.$proc$c:\Users\gabri\DOWNLO~1\OSS-CA~1\bin\../share/yosys/gowin/cells_sim.v:328$323'.
  created $adff cell `$procdff$448' with positive edge clock and positive level reset.
Creating register for signal `\DFFPE.\Q' using process `\DFFPE.$proc$c:\Users\gabri\DOWNLO~1\OSS-CA~1\bin\../share/yosys/gowin/cells_sim.v:309$321'.
  created $adff cell `$procdff$449' with positive edge clock and positive level reset.
Creating register for signal `\DFFP.\Q' using process `\DFFP.$proc$c:\Users\gabri\DOWNLO~1\OSS-CA~1\bin\../share/yosys/gowin/cells_sim.v:289$319'.
  created $adff cell `$procdff$450' with positive edge clock and positive level reset.
Creating register for signal `\DFFRE.\Q' using process `\DFFRE.$proc$c:\Users\gabri\DOWNLO~1\OSS-CA~1\bin\../share/yosys/gowin/cells_sim.v:270$317'.
  created $dff cell `$procdff$451' with positive edge clock.
Creating register for signal `\DFFR.\Q' using process `\DFFR.$proc$c:\Users\gabri\DOWNLO~1\OSS-CA~1\bin\../share/yosys/gowin/cells_sim.v:250$315'.
  created $dff cell `$procdff$452' with positive edge clock.
Creating register for signal `\DFFSE.\Q' using process `\DFFSE.$proc$c:\Users\gabri\DOWNLO~1\OSS-CA~1\bin\../share/yosys/gowin/cells_sim.v:231$313'.
  created $dff cell `$procdff$453' with positive edge clock.
Creating register for signal `\DFFS.\Q' using process `\DFFS.$proc$c:\Users\gabri\DOWNLO~1\OSS-CA~1\bin\../share/yosys/gowin/cells_sim.v:211$311'.
  created $dff cell `$procdff$454' with positive edge clock.
Creating register for signal `\DFFE.\Q' using process `\DFFE.$proc$c:\Users\gabri\DOWNLO~1\OSS-CA~1\bin\../share/yosys/gowin/cells_sim.v:194$309'.
  created $dff cell `$procdff$455' with positive edge clock.
Creating register for signal `\DFF.\Q' using process `\DFF.$proc$c:\Users\gabri\DOWNLO~1\OSS-CA~1\bin\../share/yosys/gowin/cells_sim.v:179$307'.
  created $dff cell `$procdff$456' with positive edge clock.

2.3.10. Executing PROC_MEMWR pass (convert process memory writes to cells).

2.3.11. Executing PROC_CLEAN pass (remove empty switches from decision trees).
Removing empty process `ALU.$proc$c:\Users\gabri\DOWNLO~1\OSS-CA~1\bin\../share/yosys/gowin/cells_sim.v:661$349'.
Removing empty process `DFFNCE.$proc$c:\Users\gabri\DOWNLO~1\OSS-CA~1\bin\../share/yosys/gowin/cells_sim.v:0$346'.
Found and cleaned up 1 empty switch in `\DFFNCE.$proc$c:\Users\gabri\DOWNLO~1\OSS-CA~1\bin\../share/yosys/gowin/cells_sim.v:535$345'.
Removing empty process `DFFNCE.$proc$c:\Users\gabri\DOWNLO~1\OSS-CA~1\bin\../share/yosys/gowin/cells_sim.v:535$345'.
Removing empty process `DFFNC.$proc$c:\Users\gabri\DOWNLO~1\OSS-CA~1\bin\../share/yosys/gowin/cells_sim.v:0$344'.
Removing empty process `DFFNC.$proc$c:\Users\gabri\DOWNLO~1\OSS-CA~1\bin\../share/yosys/gowin/cells_sim.v:515$343'.
Removing empty process `DFFNPE.$proc$c:\Users\gabri\DOWNLO~1\OSS-CA~1\bin\../share/yosys/gowin/cells_sim.v:0$342'.
Found and cleaned up 1 empty switch in `\DFFNPE.$proc$c:\Users\gabri\DOWNLO~1\OSS-CA~1\bin\../share/yosys/gowin/cells_sim.v:496$341'.
Removing empty process `DFFNPE.$proc$c:\Users\gabri\DOWNLO~1\OSS-CA~1\bin\../share/yosys/gowin/cells_sim.v:496$341'.
Removing empty process `DFFNP.$proc$c:\Users\gabri\DOWNLO~1\OSS-CA~1\bin\../share/yosys/gowin/cells_sim.v:0$340'.
Removing empty process `DFFNP.$proc$c:\Users\gabri\DOWNLO~1\OSS-CA~1\bin\../share/yosys/gowin/cells_sim.v:476$339'.
Removing empty process `DFFNRE.$proc$c:\Users\gabri\DOWNLO~1\OSS-CA~1\bin\../share/yosys/gowin/cells_sim.v:0$338'.
Found and cleaned up 2 empty switches in `\DFFNRE.$proc$c:\Users\gabri\DOWNLO~1\OSS-CA~1\bin\../share/yosys/gowin/cells_sim.v:457$337'.
Removing empty process `DFFNRE.$proc$c:\Users\gabri\DOWNLO~1\OSS-CA~1\bin\../share/yosys/gowin/cells_sim.v:457$337'.
Removing empty process `DFFNR.$proc$c:\Users\gabri\DOWNLO~1\OSS-CA~1\bin\../share/yosys/gowin/cells_sim.v:0$336'.
Found and cleaned up 1 empty switch in `\DFFNR.$proc$c:\Users\gabri\DOWNLO~1\OSS-CA~1\bin\../share/yosys/gowin/cells_sim.v:437$335'.
Removing empty process `DFFNR.$proc$c:\Users\gabri\DOWNLO~1\OSS-CA~1\bin\../share/yosys/gowin/cells_sim.v:437$335'.
Removing empty process `DFFNSE.$proc$c:\Users\gabri\DOWNLO~1\OSS-CA~1\bin\../share/yosys/gowin/cells_sim.v:0$334'.
Found and cleaned up 2 empty switches in `\DFFNSE.$proc$c:\Users\gabri\DOWNLO~1\OSS-CA~1\bin\../share/yosys/gowin/cells_sim.v:418$333'.
Removing empty process `DFFNSE.$proc$c:\Users\gabri\DOWNLO~1\OSS-CA~1\bin\../share/yosys/gowin/cells_sim.v:418$333'.
Removing empty process `DFFNS.$proc$c:\Users\gabri\DOWNLO~1\OSS-CA~1\bin\../share/yosys/gowin/cells_sim.v:0$332'.
Found and cleaned up 1 empty switch in `\DFFNS.$proc$c:\Users\gabri\DOWNLO~1\OSS-CA~1\bin\../share/yosys/gowin/cells_sim.v:398$331'.
Removing empty process `DFFNS.$proc$c:\Users\gabri\DOWNLO~1\OSS-CA~1\bin\../share/yosys/gowin/cells_sim.v:398$331'.
Removing empty process `DFFNE.$proc$c:\Users\gabri\DOWNLO~1\OSS-CA~1\bin\../share/yosys/gowin/cells_sim.v:0$330'.
Found and cleaned up 1 empty switch in `\DFFNE.$proc$c:\Users\gabri\DOWNLO~1\OSS-CA~1\bin\../share/yosys/gowin/cells_sim.v:381$329'.
Removing empty process `DFFNE.$proc$c:\Users\gabri\DOWNLO~1\OSS-CA~1\bin\../share/yosys/gowin/cells_sim.v:381$329'.
Removing empty process `DFFN.$proc$c:\Users\gabri\DOWNLO~1\OSS-CA~1\bin\../share/yosys/gowin/cells_sim.v:0$328'.
Removing empty process `DFFN.$proc$c:\Users\gabri\DOWNLO~1\OSS-CA~1\bin\../share/yosys/gowin/cells_sim.v:366$327'.
Removing empty process `DFFCE.$proc$c:\Users\gabri\DOWNLO~1\OSS-CA~1\bin\../share/yosys/gowin/cells_sim.v:0$326'.
Found and cleaned up 1 empty switch in `\DFFCE.$proc$c:\Users\gabri\DOWNLO~1\OSS-CA~1\bin\../share/yosys/gowin/cells_sim.v:348$325'.
Removing empty process `DFFCE.$proc$c:\Users\gabri\DOWNLO~1\OSS-CA~1\bin\../share/yosys/gowin/cells_sim.v:348$325'.
Removing empty process `DFFC.$proc$c:\Users\gabri\DOWNLO~1\OSS-CA~1\bin\../share/yosys/gowin/cells_sim.v:0$324'.
Removing empty process `DFFC.$proc$c:\Users\gabri\DOWNLO~1\OSS-CA~1\bin\../share/yosys/gowin/cells_sim.v:328$323'.
Removing empty process `DFFPE.$proc$c:\Users\gabri\DOWNLO~1\OSS-CA~1\bin\../share/yosys/gowin/cells_sim.v:0$322'.
Found and cleaned up 1 empty switch in `\DFFPE.$proc$c:\Users\gabri\DOWNLO~1\OSS-CA~1\bin\../share/yosys/gowin/cells_sim.v:309$321'.
Removing empty process `DFFPE.$proc$c:\Users\gabri\DOWNLO~1\OSS-CA~1\bin\../share/yosys/gowin/cells_sim.v:309$321'.
Removing empty process `DFFP.$proc$c:\Users\gabri\DOWNLO~1\OSS-CA~1\bin\../share/yosys/gowin/cells_sim.v:0$320'.
Removing empty process `DFFP.$proc$c:\Users\gabri\DOWNLO~1\OSS-CA~1\bin\../share/yosys/gowin/cells_sim.v:289$319'.
Removing empty process `DFFRE.$proc$c:\Users\gabri\DOWNLO~1\OSS-CA~1\bin\../share/yosys/gowin/cells_sim.v:0$318'.
Found and cleaned up 2 empty switches in `\DFFRE.$proc$c:\Users\gabri\DOWNLO~1\OSS-CA~1\bin\../share/yosys/gowin/cells_sim.v:270$317'.
Removing empty process `DFFRE.$proc$c:\Users\gabri\DOWNLO~1\OSS-CA~1\bin\../share/yosys/gowin/cells_sim.v:270$317'.
Removing empty process `DFFR.$proc$c:\Users\gabri\DOWNLO~1\OSS-CA~1\bin\../share/yosys/gowin/cells_sim.v:0$316'.
Found and cleaned up 1 empty switch in `\DFFR.$proc$c:\Users\gabri\DOWNLO~1\OSS-CA~1\bin\../share/yosys/gowin/cells_sim.v:250$315'.
Removing empty process `DFFR.$proc$c:\Users\gabri\DOWNLO~1\OSS-CA~1\bin\../share/yosys/gowin/cells_sim.v:250$315'.
Removing empty process `DFFSE.$proc$c:\Users\gabri\DOWNLO~1\OSS-CA~1\bin\../share/yosys/gowin/cells_sim.v:0$314'.
Found and cleaned up 2 empty switches in `\DFFSE.$proc$c:\Users\gabri\DOWNLO~1\OSS-CA~1\bin\../share/yosys/gowin/cells_sim.v:231$313'.
Removing empty process `DFFSE.$proc$c:\Users\gabri\DOWNLO~1\OSS-CA~1\bin\../share/yosys/gowin/cells_sim.v:231$313'.
Removing empty process `DFFS.$proc$c:\Users\gabri\DOWNLO~1\OSS-CA~1\bin\../share/yosys/gowin/cells_sim.v:0$312'.
Found and cleaned up 1 empty switch in `\DFFS.$proc$c:\Users\gabri\DOWNLO~1\OSS-CA~1\bin\../share/yosys/gowin/cells_sim.v:211$311'.
Removing empty process `DFFS.$proc$c:\Users\gabri\DOWNLO~1\OSS-CA~1\bin\../share/yosys/gowin/cells_sim.v:211$311'.
Removing empty process `DFFE.$proc$c:\Users\gabri\DOWNLO~1\OSS-CA~1\bin\../share/yosys/gowin/cells_sim.v:0$310'.
Found and cleaned up 1 empty switch in `\DFFE.$proc$c:\Users\gabri\DOWNLO~1\OSS-CA~1\bin\../share/yosys/gowin/cells_sim.v:194$309'.
Removing empty process `DFFE.$proc$c:\Users\gabri\DOWNLO~1\OSS-CA~1\bin\../share/yosys/gowin/cells_sim.v:194$309'.
Removing empty process `DFF.$proc$c:\Users\gabri\DOWNLO~1\OSS-CA~1\bin\../share/yosys/gowin/cells_sim.v:0$308'.
Removing empty process `DFF.$proc$c:\Users\gabri\DOWNLO~1\OSS-CA~1\bin\../share/yosys/gowin/cells_sim.v:179$307'.
Cleaned up 18 empty switches.

2.3.12. Executing OPT_EXPR pass (perform const folding).
Optimizing module top.

2.4. Executing FLATTEN pass (flatten design).

2.5. Executing TRIBUF pass.

2.6. Executing DEMINOUT pass (demote inout ports to input or output).

2.7. Executing SYNTH pass.

2.7.1. Executing PROC pass (convert processes to netlists).

2.7.1.1. Executing PROC_CLEAN pass (remove empty switches from decision trees).
Cleaned up 0 empty switches.

2.7.1.2. Executing PROC_RMDEAD pass (remove dead branches from decision trees).
Removed a total of 0 dead cases.

2.7.1.3. Executing PROC_PRUNE pass (remove redundant assignments in processes).
Removed 0 redundant assignments.
Promoted 0 assignments to connections.

2.7.1.4. Executing PROC_INIT pass (extract init attributes).

2.7.1.5. Executing PROC_ARST pass (detect async resets in processes).

2.7.1.6. Executing PROC_ROM pass (convert switches to ROMs).
Converted 0 switches.

2.7.1.7. Executing PROC_MUX pass (convert decision trees to multiplexers).

2.7.1.8. Executing PROC_DLATCH pass (convert process syncs to latches).

2.7.1.9. Executing PROC_DFF pass (convert process syncs to FFs).

2.7.1.10. Executing PROC_MEMWR pass (convert process memory writes to cells).

2.7.1.11. Executing PROC_CLEAN pass (remove empty switches from decision trees).
Cleaned up 0 empty switches.

2.7.1.12. Executing OPT_EXPR pass (perform const folding).
Optimizing module top.

2.7.2. Executing OPT_EXPR pass (perform const folding).
Optimizing module top.

2.7.3. Executing OPT_CLEAN pass (remove unused cells and wires).
Finding unused cells or wires in module \top..
Removed 0 unused cells and 11 unused wires.
<suppressed ~1 debug messages>

2.7.4. Executing CHECK pass (checking for obvious problems).
Checking module top...
Found and reported 0 problems.

2.7.5. Executing OPT pass (performing simple optimizations).

2.7.5.1. Executing OPT_EXPR pass (perform const folding).
Optimizing module top.

2.7.5.2. Executing OPT_MERGE pass (detect identical cells).
Finding identical cells in module `\top'.
<suppressed ~183 debug messages>
Removed a total of 61 cells.

2.7.5.3. Executing OPT_MUXTREE pass (detect dead branches in mux trees).
Running muxtree optimizer on module \top..
  Creating internal representation of mux trees.
  No muxes found in this module.
Removed 0 multiplexer ports.

2.7.5.4. Executing OPT_REDUCE pass (consolidate $*mux and $reduce_* inputs).
  Optimizing cells in module \top.
Performed a total of 0 changes.

2.7.5.5. Executing OPT_MERGE pass (detect identical cells).
Finding identical cells in module `\top'.
Removed a total of 0 cells.

2.7.5.6. Executing OPT_DFF pass (perform DFF optimizations).

2.7.5.7. Executing OPT_CLEAN pass (remove unused cells and wires).
Finding unused cells or wires in module \top..
Removed 0 unused cells and 61 unused wires.
<suppressed ~1 debug messages>

2.7.5.8. Executing OPT_EXPR pass (perform const folding).
Optimizing module top.

2.7.5.9. Rerunning OPT passes. (Maybe there is more to do..)

2.7.5.10. Executing OPT_MUXTREE pass (detect dead branches in mux trees).
Running muxtree optimizer on module \top..
  Creating internal representation of mux trees.
  No muxes found in this module.
Removed 0 multiplexer ports.

2.7.5.11. Executing OPT_REDUCE pass (consolidate $*mux and $reduce_* inputs).
  Optimizing cells in module \top.
Performed a total of 0 changes.

2.7.5.12. Executing OPT_MERGE pass (detect identical cells).
Finding identical cells in module `\top'.
Removed a total of 0 cells.

2.7.5.13. Executing OPT_DFF pass (perform DFF optimizations).

2.7.5.14. Executing OPT_CLEAN pass (remove unused cells and wires).
Finding unused cells or wires in module \top..

2.7.5.15. Executing OPT_EXPR pass (perform const folding).
Optimizing module top.

2.7.5.16. Finished OPT passes. (There is nothing left to do.)

2.7.6. Executing FSM pass (extract and optimize FSM).

2.7.6.1. Executing FSM_DETECT pass (finding FSMs in design).

2.7.6.2. Executing FSM_EXTRACT pass (extracting FSM from design).

2.7.6.3. Executing FSM_OPT pass (simple optimizations of FSMs).

2.7.6.4. Executing OPT_CLEAN pass (remove unused cells and wires).
Finding unused cells or wires in module \top..

2.7.6.5. Executing FSM_OPT pass (simple optimizations of FSMs).

2.7.6.6. Executing FSM_RECODE pass (re-assigning FSM state encoding).

2.7.6.7. Executing FSM_INFO pass (dumping all available information on FSM cells).

2.7.6.8. Executing FSM_MAP pass (mapping FSMs to basic logic).

2.7.7. Executing OPT pass (performing simple optimizations).

2.7.7.1. Executing OPT_EXPR pass (perform const folding).
Optimizing module top.

2.7.7.2. Executing OPT_MERGE pass (detect identical cells).
Finding identical cells in module `\top'.
Removed a total of 0 cells.

2.7.7.3. Executing OPT_MUXTREE pass (detect dead branches in mux trees).
Running muxtree optimizer on module \top..
  Creating internal representation of mux trees.
  No muxes found in this module.
Removed 0 multiplexer ports.

2.7.7.4. Executing OPT_REDUCE pass (consolidate $*mux and $reduce_* inputs).
  Optimizing cells in module \top.
Performed a total of 0 changes.

2.7.7.5. Executing OPT_MERGE pass (detect identical cells).
Finding identical cells in module `\top'.
Removed a total of 0 cells.

2.7.7.6. Executing OPT_DFF pass (perform DFF optimizations).

2.7.7.7. Executing OPT_CLEAN pass (remove unused cells and wires).
Finding unused cells or wires in module \top..

2.7.7.8. Executing OPT_EXPR pass (perform const folding).
Optimizing module top.

2.7.7.9. Finished OPT passes. (There is nothing left to do.)

2.7.8. Executing WREDUCE pass (reducing word size of cells).

2.7.9. Executing PEEPOPT pass (run peephole optimizers).

2.7.10. Executing OPT_CLEAN pass (remove unused cells and wires).
Finding unused cells or wires in module \top..

2.7.11. Executing ALUMACC pass (create $alu and $macc cells).
Extracting $alu and $macc cells in module top:
  created 0 $alu and 0 $macc cells.

2.7.12. Executing SHARE pass (SAT-based resource sharing).

2.7.13. Executing OPT pass (performing simple optimizations).

2.7.13.1. Executing OPT_EXPR pass (perform const folding).
Optimizing module top.

2.7.13.2. Executing OPT_MERGE pass (detect identical cells).
Finding identical cells in module `\top'.
Removed a total of 0 cells.

2.7.13.3. Executing OPT_MUXTREE pass (detect dead branches in mux trees).
Running muxtree optimizer on module \top..
  Creating internal representation of mux trees.
  No muxes found in this module.
Removed 0 multiplexer ports.

2.7.13.4. Executing OPT_REDUCE pass (consolidate $*mux and $reduce_* inputs).
  Optimizing cells in module \top.
Performed a total of 0 changes.

2.7.13.5. Executing OPT_MERGE pass (detect identical cells).
Finding identical cells in module `\top'.
Removed a total of 0 cells.

2.7.13.6. Executing OPT_DFF pass (perform DFF optimizations).

2.7.13.7. Executing OPT_CLEAN pass (remove unused cells and wires).
Finding unused cells or wires in module \top..

2.7.13.8. Executing OPT_EXPR pass (perform const folding).
Optimizing module top.

2.7.13.9. Finished OPT passes. (There is nothing left to do.)

2.7.14. Executing MEMORY pass.

2.7.14.1. Executing OPT_MEM pass (optimize memories).
Performed a total of 0 transformations.

2.7.14.2. Executing OPT_MEM_PRIORITY pass (removing unnecessary memory write priority relations).
Performed a total of 0 transformations.

2.7.14.3. Executing OPT_MEM_FEEDBACK pass (finding memory read-to-write feedback paths).

2.7.14.4. Executing MEMORY_BMUX2ROM pass (converting muxes to ROMs).

2.7.14.5. Executing MEMORY_DFF pass (merging $dff cells to $memrd).

2.7.14.6. Executing OPT_CLEAN pass (remove unused cells and wires).
Finding unused cells or wires in module \top..

2.7.14.7. Executing MEMORY_SHARE pass (consolidating $memrd/$memwr cells).

2.7.14.8. Executing OPT_MEM_WIDEN pass (optimize memories where all ports are wide).
Performed a total of 0 transformations.

2.7.14.9. Executing OPT_CLEAN pass (remove unused cells and wires).
Finding unused cells or wires in module \top..

2.7.14.10. Executing MEMORY_COLLECT pass (generating $mem cells).

2.7.15. Executing OPT_CLEAN pass (remove unused cells and wires).
Finding unused cells or wires in module \top..

2.8. Executing MEMORY_LIBMAP pass (mapping memories to cells).

2.9. Executing TECHMAP pass (map to technology primitives).

2.9.1. Executing Verilog-2005 frontend: c:\Users\gabri\DOWNLO~1\OSS-CA~1\bin\../share/yosys/gowin/lutrams_map.v
Parsing Verilog input from `c:\Users\gabri\DOWNLO~1\OSS-CA~1\bin\../share/yosys/gowin/lutrams_map.v' to AST representation.
Generating RTLIL representation for module `\$__GOWIN_LUTRAM_'.
Successfully finished Verilog frontend.

2.9.2. Executing Verilog-2005 frontend: c:\Users\gabri\DOWNLO~1\OSS-CA~1\bin\../share/yosys/gowin/brams_map.v
Parsing Verilog input from `c:\Users\gabri\DOWNLO~1\OSS-CA~1\bin\../share/yosys/gowin/brams_map.v' to AST representation.
Generating RTLIL representation for module `\$__GOWIN_SP_'.
Generating RTLIL representation for module `\$__GOWIN_DP_'.
Generating RTLIL representation for module `\$__GOWIN_SDP_'.
Successfully finished Verilog frontend.

2.9.3. Continuing TECHMAP pass.
No more expansions possible.
<suppressed ~6 debug messages>

2.10. Executing OPT pass (performing simple optimizations).

2.10.1. Executing OPT_EXPR pass (perform const folding).
Optimizing module top.

2.10.2. Executing OPT_MERGE pass (detect identical cells).
Finding identical cells in module `\top'.
Removed a total of 0 cells.

2.10.3. Executing OPT_DFF pass (perform DFF optimizations).

2.10.4. Executing OPT_CLEAN pass (remove unused cells and wires).
Finding unused cells or wires in module \top..

2.10.5. Finished fast OPT passes.

2.11. Executing MEMORY_MAP pass (converting memories to logic and flip-flops).

2.12. Executing OPT pass (performing simple optimizations).

2.12.1. Executing OPT_EXPR pass (perform const folding).
Optimizing module top.

2.12.2. Executing OPT_MERGE pass (detect identical cells).
Finding identical cells in module `\top'.
Removed a total of 0 cells.

2.12.3. Executing OPT_MUXTREE pass (detect dead branches in mux trees).
Running muxtree optimizer on module \top..
  Creating internal representation of mux trees.
  No muxes found in this module.
Removed 0 multiplexer ports.

2.12.4. Executing OPT_REDUCE pass (consolidate $*mux and $reduce_* inputs).
  Optimizing cells in module \top.
Performed a total of 0 changes.

2.12.5. Executing OPT_MERGE pass (detect identical cells).
Finding identical cells in module `\top'.
Removed a total of 0 cells.

2.12.6. Executing OPT_DFF pass (perform DFF optimizations).

2.12.7. Executing OPT_CLEAN pass (remove unused cells and wires).
Finding unused cells or wires in module \top..

2.12.8. Executing OPT_EXPR pass (perform const folding).
Optimizing module top.

2.12.9. Finished OPT passes. (There is nothing left to do.)

2.13. Executing TECHMAP pass (map to technology primitives).

2.13.1. Executing Verilog-2005 frontend: c:\Users\gabri\DOWNLO~1\OSS-CA~1\bin\../share/yosys/techmap.v
Parsing Verilog input from `c:\Users\gabri\DOWNLO~1\OSS-CA~1\bin\../share/yosys/techmap.v' to AST representation.
Generating RTLIL representation for module `\_90_simplemap_bool_ops'.
Generating RTLIL representation for module `\_90_simplemap_reduce_ops'.
Generating RTLIL representation for module `\_90_simplemap_logic_ops'.
Generating RTLIL representation for module `\_90_simplemap_compare_ops'.
Generating RTLIL representation for module `\_90_simplemap_various'.
Generating RTLIL representation for module `\_90_simplemap_registers'.
Generating RTLIL representation for module `\_90_shift_ops_shr_shl_sshl_sshr'.
Generating RTLIL representation for module `\_90_shift_shiftx'.
Generating RTLIL representation for module `\_90_fa'.
Generating RTLIL representation for module `\_90_lcu'.
Generating RTLIL representation for module `\_90_alu'.
Generating RTLIL representation for module `\_90_macc'.
Generating RTLIL representation for module `\_90_alumacc'.
Generating RTLIL representation for module `\$__div_mod_u'.
Generating RTLIL representation for module `\$__div_mod_trunc'.
Generating RTLIL representation for module `\_90_div'.
Generating RTLIL representation for module `\_90_mod'.
Generating RTLIL representation for module `\$__div_mod_floor'.
Generating RTLIL representation for module `\_90_divfloor'.
Generating RTLIL representation for module `\_90_modfloor'.
Generating RTLIL representation for module `\_90_pow'.
Generating RTLIL representation for module `\_90_pmux'.
Generating RTLIL representation for module `\_90_demux'.
Generating RTLIL representation for module `\_90_lut'.
Successfully finished Verilog frontend.

2.13.2. Executing Verilog-2005 frontend: c:\Users\gabri\DOWNLO~1\OSS-CA~1\bin\../share/yosys/gowin/arith_map.v
Parsing Verilog input from `c:\Users\gabri\DOWNLO~1\OSS-CA~1\bin\../share/yosys/gowin/arith_map.v' to AST representation.
Generating RTLIL representation for module `\_80_gw1n_alu'.
Successfully finished Verilog frontend.

2.13.3. Continuing TECHMAP pass.
Using extmapper simplemap for cells of type $not.
Using extmapper simplemap for cells of type $or.
Using extmapper simplemap for cells of type $and.
No more expansions possible.
<suppressed ~135 debug messages>

2.14. Executing OPT pass (performing simple optimizations).

2.14.1. Executing OPT_EXPR pass (perform const folding).
Optimizing module top.

2.14.2. Executing OPT_MERGE pass (detect identical cells).
Finding identical cells in module `\top'.
Removed a total of 0 cells.

2.14.3. Executing OPT_DFF pass (perform DFF optimizations).

2.14.4. Executing OPT_CLEAN pass (remove unused cells and wires).
Finding unused cells or wires in module \top..

2.14.5. Finished fast OPT passes.

2.15. Executing IOPADMAP pass (mapping inputs/outputs to IO-PAD cells).
Mapping port top.led using OBUF.
Mapping port top.segments using OBUF.
Mapping port top.sw using IBUF.

2.16. Executing OPT_CLEAN pass (remove unused cells and wires).
Finding unused cells or wires in module \top..
Removed 0 unused cells and 1 unused wires.
<suppressed ~1 debug messages>

2.17. Executing DFFLEGALIZE pass (convert FFs to types supported by the target).

2.18. Executing TECHMAP pass (map to technology primitives).

2.18.1. Executing Verilog-2005 frontend: c:\Users\gabri\DOWNLO~1\OSS-CA~1\bin\../share/yosys/gowin/cells_map.v
Parsing Verilog input from `c:\Users\gabri\DOWNLO~1\OSS-CA~1\bin\../share/yosys/gowin/cells_map.v' to AST representation.
Generating RTLIL representation for module `\$_DFF_N_'.
Generating RTLIL representation for module `\$_DFF_P_'.
Generating RTLIL representation for module `\$_DFFE_PP_'.
Generating RTLIL representation for module `\$_DFFE_NP_'.
Generating RTLIL representation for module `\$_SDFF_PP0_'.
Generating RTLIL representation for module `\$_SDFF_NP0_'.
Generating RTLIL representation for module `\$_SDFFE_PP0P_'.
Generating RTLIL representation for module `\$_SDFFE_NP0P_'.
Generating RTLIL representation for module `\$_SDFF_PP1_'.
Generating RTLIL representation for module `\$_SDFF_NP1_'.
Generating RTLIL representation for module `\$_SDFFE_PP1P_'.
Generating RTLIL representation for module `\$_SDFFE_NP1P_'.
Generating RTLIL representation for module `\$_DFF_PP1_'.
Generating RTLIL representation for module `\$_DFF_NP1_'.
Generating RTLIL representation for module `\$_DFF_PP0_'.
Generating RTLIL representation for module `\$_DFF_NP0_'.
Generating RTLIL representation for module `\$_DFFE_PP1P_'.
Generating RTLIL representation for module `\$_DFFE_NP1P_'.
Generating RTLIL representation for module `\$_DFFE_PP0P_'.
Generating RTLIL representation for module `\$_DFFE_NP0P_'.
Generating RTLIL representation for module `\$lut'.
Successfully finished Verilog frontend.

2.18.2. Continuing TECHMAP pass.
No more expansions possible.
<suppressed ~23 debug messages>

2.19. Executing OPT_EXPR pass (perform const folding).
Optimizing module top.

2.20. Executing SIMPLEMAP pass (map simple cells to gate primitives).

2.21. Executing ABC pass (technology mapping using ABC).

2.21.1. Extracting gate netlist of module `\top' to `<abc-temp-dir>/input.blif'..
Extracted 62 gates and 66 wires to a netlist network with 4 inputs and 11 outputs.

2.21.1.1. Executing ABC.
Running ABC command: "<yosys-exe-dir>/yosys-abc" -s -f <abc-temp-dir>/abc.script 2>&1
ABC: ABC command line: "source <abc-temp-dir>/abc.script".
ABC: 
ABC: + read_blif <abc-temp-dir>/input.blif 
ABC: + read_lut <abc-temp-dir>/lutdefs.txt 
ABC: + strash 
ABC: + &get -n 
ABC: + &fraig -x 
ABC: + &put 
ABC: + scorr 
ABC: Warning: The network is combinational (run "fraig" or "fraig_sweep").
ABC: + dc2 
ABC: + dretime 
ABC: + strash 
ABC: + dch -f 
ABC: + if 
ABC: + mfs2 
ABC: + write_blif <abc-temp-dir>/output.blif 

2.21.1.2. Re-integrating ABC results.
ABC RESULTS:              $lut cells:       11
ABC RESULTS:        internal signals:       51
ABC RESULTS:           input signals:        4
ABC RESULTS:          output signals:       11
Removing temp directory.
Removed 0 unused cells and 57 unused wires.

2.22. Executing TECHMAP pass (map to technology primitives).

2.22.1. Executing Verilog-2005 frontend: c:\Users\gabri\DOWNLO~1\OSS-CA~1\bin\../share/yosys/gowin/cells_map.v
Parsing Verilog input from `c:\Users\gabri\DOWNLO~1\OSS-CA~1\bin\../share/yosys/gowin/cells_map.v' to AST representation.
Generating RTLIL representation for module `\$_DFF_N_'.
Generating RTLIL representation for module `\$_DFF_P_'.
Generating RTLIL representation for module `\$_DFFE_PP_'.
Generating RTLIL representation for module `\$_DFFE_NP_'.
Generating RTLIL representation for module `\$_SDFF_PP0_'.
Generating RTLIL representation for module `\$_SDFF_NP0_'.
Generating RTLIL representation for module `\$_SDFFE_PP0P_'.
Generating RTLIL representation for module `\$_SDFFE_NP0P_'.
Generating RTLIL representation for module `\$_SDFF_PP1_'.
Generating RTLIL representation for module `\$_SDFF_NP1_'.
Generating RTLIL representation for module `\$_SDFFE_PP1P_'.
Generating RTLIL representation for module `\$_SDFFE_NP1P_'.
Generating RTLIL representation for module `\$_DFF_PP1_'.
Generating RTLIL representation for module `\$_DFF_NP1_'.
Generating RTLIL representation for module `\$_DFF_PP0_'.
Generating RTLIL representation for module `\$_DFF_NP0_'.
Generating RTLIL representation for module `\$_DFFE_PP1P_'.
Generating RTLIL representation for module `\$_DFFE_NP1P_'.
Generating RTLIL representation for module `\$_DFFE_PP0P_'.
Generating RTLIL representation for module `\$_DFFE_NP0P_'.
Generating RTLIL representation for module `\$lut'.
Successfully finished Verilog frontend.

2.22.2. Continuing TECHMAP pass.
Using template $paramod$05c363abf9bf41737697db9a75c379869832d91c\$lut for cells of type $lut.
Using template $paramod$02dff6fcc5d2991103f95b3b07c64ee97a74450f\$lut for cells of type $lut.
Using template $paramod$f9333290b738a242cb30b0de8879c5396e3e6451\$lut for cells of type $lut.
Using template $paramod$12876a77a23933587641472d85bdc8e7478ad1c0\$lut for cells of type $lut.
Using template $paramod$197077b00c11589fe99760d60a3c06cb8ac7c1e0\$lut for cells of type $lut.
Using template $paramod$22b583baaf1c06bace285d55a1fce13b27d2a529\$lut for cells of type $lut.
Using template $paramod\$lut\WIDTH=32'00000000000000000000000000000001\LUT=2'01 for cells of type $lut.
Using template $paramod$1661fd1d8cfb54ddeba09cd7df814e0fd3aae40f\$lut for cells of type $lut.
No more expansions possible.
<suppressed ~138 debug messages>

2.23. Executing OPT_LUT_INS pass (discard unused LUT inputs).
Optimizing LUTs in top.

2.24. Executing SETUNDEF pass (replace undef values with defined constants).

2.25. Executing HILOMAP pass (mapping to constant drivers).
Removed 1 unused cells and 23 unused wires.

2.26. Executing AUTONAME pass.
Renamed 59 objects in module top (4 iterations).
<suppressed ~37 debug messages>

2.27. Executing HIERARCHY pass (managing design hierarchy).

2.27.1. Analyzing design hierarchy..
Top module:  \top

2.27.2. Analyzing design hierarchy..
Top module:  \top
Removed 0 unused modules.

2.28. Printing statistics.

=== top ===

   Number of wires:                 18
   Number of wire bits:             30
   Number of public wires:          18
   Number of public wire bits:      30
   Number of memories:               0
   Number of memory bits:            0
   Number of processes:              0
   Number of cells:                 26
     IBUF                            4
     LUT1                            4
     LUT4                            7
     OBUF                           11

2.29. Executing CHECK pass (checking for obvious problems).
Checking module top...
Found and reported 0 problems.

2.30. Executing JSON backend.

Warnings: 4 unique messages, 4 total
End of script. Logfile hash: 84bd4bef12
Yosys 0.26+1 (git sha1 b1a011138, x86_64-w64-mingw32-g++ 9.2.1 -Os)
Time spent: 1% 15x opt_expr (0 sec), 1% 14x opt_clean (0 sec), ...
